[<3 Noobgam 2017-02-02 00:08:47] INFO: Connecting...
[<3 Noobgam 2017-02-02 00:08:47] SUCCESS: Done Loading Bot!
[<3 Noobgam 2017-02-02 00:08:52] ERROR: Login Error: AccountLogonDeniedNeedTwoFactorCode
[<3 Noobgam 2017-02-02 00:08:52] ERROR: Failed to generate 2FA code. Make sure you have linked the authenticator via SteamBot.
[<3 Noobgam 2017-02-02 00:08:53] ERROR: Login Error: AccountLogonDeniedNeedTwoFactorCode
[<3 Noobgam 2017-02-02 00:08:53] ERROR: Failed to generate 2FA code. Make sure you have linked the authenticator via SteamBot.
[<3 Noobgam 2017-02-02 00:08:59] INFO: Connecting...
[<3 Noobgam 2017-02-02 00:08:59] SUCCESS: Done Loading Bot!
[<3 Noobgam 2017-02-02 00:09:01] ERROR: Login Error: AccountLogonDeniedNeedTwoFactorCode
[<3 Noobgam 2017-02-02 00:09:01] ERROR: Failed to generate 2FA code. Make sure you have linked the authenticator via SteamBot.
[<3 Noobgam 2017-02-02 00:09:02] ERROR: Login Error: AccountLogonDeniedNeedTwoFactorCode
[<3 Noobgam 2017-02-02 00:09:02] ERROR: Failed to generate 2FA code. Make sure you have linked the authenticator via SteamBot.
[<3 Noobgam 2017-02-02 00:09:17] INFO: Connecting...
[<3 Noobgam 2017-02-02 00:09:17] SUCCESS: Done Loading Bot!
[<3 Noobgam 2017-02-02 00:09:24] ERROR: Login Error: AccountLogonDeniedNeedTwoFactorCode
[<3 Noobgam 2017-02-02 00:09:25] SUCCESS: Generated 2FA code.
[<3 Noobgam 2017-02-02 00:09:28] SUCCESS: User Authenticated!
[<3 Noobgam 2017-02-02 00:09:28] INFO: Downloading Schema...
[<3 Noobgam 2017-02-02 00:09:29] SUCCESS: Schema Downloaded!
[<3 Noobgam 2017-02-02 00:09:29] SUCCESS: Steam Bot Logged In Completely!
[<3 Noobgam 2017-02-02 00:09:30] INFO: Trade offer 1827079591 failed
[<3 Noobgam 2017-02-02 00:09:30] INFO: Trade offer 1827041521 failed
[<3 Noobgam 2017-02-02 00:11:22] INFO: Connecting...
[<3 Noobgam 2017-02-02 00:11:22] SUCCESS: Done Loading Bot!
[<3 Noobgam 2017-02-02 00:11:44] ERROR: Login Error: AccountLogonDeniedNeedTwoFactorCode
[<3 Noobgam 2017-02-02 00:11:45] SUCCESS: Generated 2FA code.
[<3 Noobgam 2017-02-02 00:11:49] SUCCESS: User Authenticated!
[<3 Noobgam 2017-02-02 00:11:49] INFO: Downloading Schema...
[<3 Noobgam 2017-02-02 00:11:49] SUCCESS: Schema Downloaded!
[<3 Noobgam 2017-02-02 00:11:49] SUCCESS: Steam Bot Logged In Completely!
[<3 Noobgam 2017-02-02 00:11:51] INFO: Trade offer 1827079591 failed
[<3 Noobgam 2017-02-02 00:11:51] INFO: Trade offer 1827041521 failed
[<3 Noobgam 2017-02-02 00:12:33] INFO: Connecting...
[<3 Noobgam 2017-02-02 00:12:33] SUCCESS: Done Loading Bot!
[<3 Noobgam 2017-02-02 00:12:44] INFO: Connecting...
[<3 Noobgam 2017-02-02 00:12:44] SUCCESS: Done Loading Bot!
[<3 Noobgam 2017-02-02 00:12:51] ERROR: Login Error: AccountLogonDeniedNeedTwoFactorCode
[<3 Noobgam 2017-02-02 00:12:52] SUCCESS: Generated 2FA code.
[<3 Noobgam 2017-02-02 00:12:57] SUCCESS: User Authenticated!
[<3 Noobgam 2017-02-02 00:12:57] INFO: Downloading Schema...
[<3 Noobgam 2017-02-02 00:12:58] SUCCESS: Schema Downloaded!
[<3 Noobgam 2017-02-02 00:12:58] SUCCESS: Steam Bot Logged In Completely!
[<3 Noobgam 2017-02-02 00:12:59] INFO: Trade offer 1827079591 failed
[<3 Noobgam 2017-02-02 00:12:59] INFO: Trade offer 1827041521 failed
[<3 Noobgam 2017-02-02 00:14:53] INFO: Connecting...
[<3 Noobgam 2017-02-02 00:14:53] SUCCESS: Done Loading Bot!
[<3 Noobgam 2017-02-02 00:14:59] ERROR: Login Error: AccountLogonDeniedNeedTwoFactorCode
[<3 Noobgam 2017-02-02 00:15:00] SUCCESS: Generated 2FA code.
[<3 Noobgam 2017-02-02 00:15:05] SUCCESS: User Authenticated!
[<3 Noobgam 2017-02-02 00:15:05] INFO: Downloading Schema...
[<3 Noobgam 2017-02-02 00:15:05] SUCCESS: Schema Downloaded!
[<3 Noobgam 2017-02-02 00:15:05] SUCCESS: Steam Bot Logged In Completely!
[<3 Noobgam 2017-02-02 00:15:06] INFO: Trade offer 1827079591 failed
[<3 Noobgam 2017-02-02 00:15:06] INFO: Trade offer 1827041521 failed
[<3 Noobgam 2017-02-02 00:20:10] INFO: Connecting...
[<3 Noobgam 2017-02-02 00:20:10] SUCCESS: Done Loading Bot!
[<3 Noobgam 2017-02-02 00:20:43] INFO: Connecting...
[<3 Noobgam 2017-02-02 00:20:43] SUCCESS: Done Loading Bot!
[<3 Noobgam 2017-02-02 00:20:51] INFO: Connecting...
[<3 Noobgam 2017-02-02 00:20:51] SUCCESS: Done Loading Bot!
[<3 Noobgam 2017-02-02 00:21:48] INFO: Connecting...
[<3 Noobgam 2017-02-02 00:21:48] SUCCESS: Done Loading Bot!
[<3 Noobgam 2017-02-02 03:18:33] INFO: Connecting...
[<3 Noobgam 2017-02-02 03:18:33] SUCCESS: Done Loading Bot!
[<3 Noobgam 2017-02-02 03:18:34] ERROR: Login Error: AccountLogonDeniedNeedTwoFactorCode
[<3 Noobgam 2017-02-02 03:18:35] SUCCESS: Generated 2FA code.
[<3 Noobgam 2017-02-02 03:18:39] SUCCESS: User Authenticated!
[<3 Noobgam 2017-02-02 03:18:39] INFO: Downloading Schema...
[<3 Noobgam 2017-02-02 03:18:39] SUCCESS: Schema Downloaded!
[<3 Noobgam 2017-02-02 03:18:39] SUCCESS: Steam Bot Logged In Completely!
[<3 Noobgam 2017-02-02 03:18:41] INFO: Trade offer 1827079591 failed
[<3 Noobgam 2017-02-02 03:18:41] INFO: Trade offer 1827041521 failed
[<3 Noobgam 2017-02-02 03:23:55] INFO: Connecting...
[<3 Noobgam 2017-02-02 03:23:55] SUCCESS: Done Loading Bot!
[<3 Noobgam 2017-02-02 03:24:06] ERROR: Login Error: AccountLogonDeniedNeedTwoFactorCode
[<3 Noobgam 2017-02-02 03:24:07] SUCCESS: Generated 2FA code.
[<3 Noobgam 2017-02-02 03:24:11] SUCCESS: User Authenticated!
[<3 Noobgam 2017-02-02 03:24:11] INFO: Downloading Schema...
[<3 Noobgam 2017-02-02 03:24:12] SUCCESS: Schema Downloaded!
[<3 Noobgam 2017-02-02 03:24:12] SUCCESS: Steam Bot Logged In Completely!
[<3 Noobgam 2017-02-02 03:24:13] INFO: Trade offer 1827079591 failed
[<3 Noobgam 2017-02-02 03:24:13] INFO: Trade offer 1827041521 failed
[<3 Noobgam 2017-02-02 03:25:22] SUCCESS: Confirmed Trade with SHOTMEDOWN. (Confirmation ID #1813429805)
[<3 Noobgam 2017-02-02 03:27:02] INFO: Connecting...
[<3 Noobgam 2017-02-02 03:27:02] SUCCESS: Done Loading Bot!
[<3 Noobgam 2017-02-02 03:27:04] ERROR: Login Error: AccountLogonDeniedNeedTwoFactorCode
[<3 Noobgam 2017-02-02 03:27:05] SUCCESS: Generated 2FA code.
[<3 Noobgam 2017-02-02 03:27:31] INFO: Connecting...
[<3 Noobgam 2017-02-02 03:27:31] SUCCESS: Done Loading Bot!
[<3 Noobgam 2017-02-02 03:27:57] ERROR: Login Error: AccountLogonDeniedNeedTwoFactorCode
[<3 Noobgam 2017-02-02 03:27:58] SUCCESS: Generated 2FA code.
[<3 Noobgam 2017-02-02 03:28:07] SUCCESS: User Authenticated!
[<3 Noobgam 2017-02-02 03:28:07] INFO: Downloading Schema...
[<3 Noobgam 2017-02-02 03:28:07] SUCCESS: Schema Downloaded!
[<3 Noobgam 2017-02-02 03:28:07] SUCCESS: Steam Bot Logged In Completely!
[<3 Noobgam 2017-02-02 03:28:09] INFO: Trade offer 1827079591 failed
[<3 Noobgam 2017-02-02 03:28:09] INFO: Trade offer 1827041521 failed
[<3 Noobgam 2017-02-02 03:28:51] SUCCESS: Confirmed Trade with KickyourASS. (Confirmation ID #1813438469)
[<3 Noobgam 2017-02-02 03:29:43] INFO: Connecting...
[<3 Noobgam 2017-02-02 03:29:43] SUCCESS: Done Loading Bot!
[<3 Noobgam 2017-02-02 03:29:45] ERROR: Login Error: AccountLogonDeniedNeedTwoFactorCode
[<3 Noobgam 2017-02-02 03:29:46] SUCCESS: Generated 2FA code.
[<3 Noobgam 2017-02-02 03:29:50] SUCCESS: User Authenticated!
[<3 Noobgam 2017-02-02 03:29:50] INFO: Downloading Schema...
[<3 Noobgam 2017-02-02 03:29:50] SUCCESS: Schema Downloaded!
[<3 Noobgam 2017-02-02 03:29:50] SUCCESS: Steam Bot Logged In Completely!
[<3 Noobgam 2017-02-02 03:29:51] INFO: Trade offer 1827079591 failed
[<3 Noobgam 2017-02-02 03:29:51] INFO: Trade offer 1827041521 failed
[<3 Noobgam 2017-02-02 03:31:42] SUCCESS: Confirmed Trade with Basik. (Confirmation ID #1813445881)
[<3 Noobgam 2017-02-02 03:32:26] INFO: Connecting...
[<3 Noobgam 2017-02-02 03:32:26] SUCCESS: Done Loading Bot!
